<?xml version="1.0" encoding="UTF-8"?>
<testsuite xmlns:xsi="http://www.w3.org/2001/XMLSchema-instance" xsi:noNamespaceSchemaLocation="https://maven.apache.org/surefire/maven-surefire-plugin/xsd/surefire-test-report-3.0.xsd" version="3.0" name="com.ejemplo.SistemaPedidosTest" time="0.032" tests="7" errors="0" skipped="0" failures="0">
  <properties>
[...]
</properties>
  <testcase name="registrarPedido_Correcto_GuardaPedido" classname="com.ejemplo.SistemaPedidosTest" time="0.015"/>
  <testcase name="registrarPedido_NombreVacio_LanzaExcepcion" classname="com.ejemplo.SistemaPedidosTest" time="0.0"/>
  <testcase name="registrarPedido_ProductoNulo_LanzaExcepcion" classname="com.ejemplo.SistemaPedidosTest" time="0.0"/>
  <testcase name="registrarPedido_ClienteNulo_LanzaExcepcion" classname="com.ejemplo.SistemaPedidosTest" time="0.0"/>
  <testcase name="obtenerPedidos_CuandoNoHayPedidos_DevuelveListaVacia" classname="com.ejemplo.SistemaPedidosTest" time="0.001"/>
  <testcase name="pedido_toString_DevuelveCadenaCorrecta" classname="com.ejemplo.SistemaPedidosTest" time="0.001"/>
  <testcase name="registrarPedido_ProductoVacio_LanzaExcepcion" classname="com.ejemplo.SistemaPedidosTest" time="0.0"/>
</testsuite>